{"/Users/titlepnp/NodesNows/AssignmentLab/task-management/src/app.module.ts": {"path":"/Users/titlepnp/NodesNows/AssignmentLab/task-management/src/app.module.ts","statementMap":{"0":{"start":{"line":1,"column":0},"end":{"line":1,"column":72}},"1":{"start":{"line":2,"column":0},"end":{"line":2,"column":48}},"2":{"start":{"line":3,"column":0},"end":{"line":3,"column":48}},"3":{"start":{"line":4,"column":0},"end":{"line":4,"column":51}},"4":{"start":{"line":5,"column":0},"end":{"line":5,"column":54}},"5":{"start":{"line":6,"column":0},"end":{"line":6,"column":46}},"6":{"start":{"line":7,"column":0},"end":{"line":7,"column":54}},"7":{"start":{"line":8,"column":0},"end":{"line":8,"column":51}},"8":{"start":{"line":9,"column":0},"end":{"line":9,"column":56}},"9":{"start":{"line":31,"column":7},"end":{"line":39,"column":null}},"10":{"start":{"line":33,"column":4},"end":{"line":37,"column":26}},"11":{"start":{"line":31,"column":13},"end":{"line":31,"column":22}},"12":{"start":{"line":31,"column":13},"end":{"line":39,"column":null}}},"fnMap":{"0":{"name":"(anonymous_1)","decl":{"start":{"line":32,"column":2},"end":{"line":32,"column":11}},"loc":{"start":{"line":32,"column":40},"end":{"line":38,"column":3}}}},"branchMap":{},"s":{"0":0,"1":0,"2":0,"3":0,"4":0,"5":0,"6":0,"7":0,"8":0,"9":0,"10":0,"11":0,"12":0},"f":{"0":0},"b":{}}
,"/Users/titlepnp/NodesNows/AssignmentLab/task-management/src/main.ts": {"path":"/Users/titlepnp/NodesNows/AssignmentLab/task-management/src/main.ts","statementMap":{"0":{"start":{"line":1,"column":0},"end":{"line":1,"column":48}},"1":{"start":{"line":2,"column":0},"end":{"line":2,"column":43}},"2":{"start":{"line":3,"column":0},"end":{"line":3,"column":41}},"3":{"start":{"line":4,"column":0},"end":{"line":4,"column":69}},"4":{"start":{"line":7,"column":14},"end":{"line":7,"column":49}},"5":{"start":{"line":8,"column":2},"end":{"line":8,"column":43}},"6":{"start":{"line":9,"column":2},"end":{"line":9,"column":50}},"7":{"start":{"line":10,"column":2},"end":{"line":10,"column":45}},"8":{"start":{"line":12,"column":0},"end":{"line":12,"column":12}}},"fnMap":{"0":{"name":"bootstrap","decl":{"start":{"line":6,"column":15},"end":{"line":6,"column":24}},"loc":{"start":{"line":6,"column":24},"end":{"line":11,"column":1}}}},"branchMap":{"0":{"loc":{"start":{"line":10,"column":19},"end":{"line":10,"column":43}},"type":"binary-expr","locations":[{"start":{"line":10,"column":19},"end":{"line":10,"column":35}},{"start":{"line":10,"column":39},"end":{"line":10,"column":43}}]}},"s":{"0":0,"1":0,"2":0,"3":0,"4":0,"5":0,"6":0,"7":0,"8":0},"f":{"0":0},"b":{"0":[0,0]}}
,"/Users/titlepnp/NodesNows/AssignmentLab/task-management/src/auth/auth.controller.ts": {"path":"/Users/titlepnp/NodesNows/AssignmentLab/task-management/src/auth/auth.controller.ts","statementMap":{"0":{"start":{"line":1,"column":0},"end":{"line":1,"column":56}},"1":{"start":{"line":2,"column":0},"end":{"line":2,"column":45}},"2":{"start":{"line":3,"column":0},"end":{"line":3,"column":57}},"3":{"start":{"line":6,"column":7},"end":{"line":19,"column":null}},"4":{"start":{"line":7,"column":31},"end":{"line":7,"column":44}},"5":{"start":{"line":11,"column":4},"end":{"line":11,"column":53}},"6":{"start":{"line":12,"column":4},"end":{"line":12,"column":42}},"7":{"start":{"line":17,"column":4},"end":{"line":17,"column":57}},"8":{"start":{"line":6,"column":13},"end":{"line":6,"column":27}},"9":{"start":{"line":10,"column":8},"end":{"line":13,"column":null}},"10":{"start":{"line":16,"column":8},"end":{"line":18,"column":null}},"11":{"start":{"line":6,"column":13},"end":{"line":19,"column":null}}},"fnMap":{"0":{"name":"(anonymous_4)","decl":{"start":{"line":7,"column":2},"end":{"line":7,"column":31}},"loc":{"start":{"line":7,"column":55},"end":{"line":7,"column":59}}},"1":{"name":"(anonymous_5)","decl":{"start":{"line":10,"column":2},"end":{"line":10,"column":7}},"loc":{"start":{"line":10,"column":57},"end":{"line":13,"column":3}}},"2":{"name":"(anonymous_6)","decl":{"start":{"line":16,"column":2},"end":{"line":16,"column":7}},"loc":{"start":{"line":16,"column":54},"end":{"line":18,"column":3}}}},"branchMap":{},"s":{"0":1,"1":1,"2":1,"3":1,"4":3,"5":1,"6":1,"7":1,"8":1,"9":1,"10":1,"11":1},"f":{"0":3,"1":1,"2":1},"b":{}}
,"/Users/titlepnp/NodesNows/AssignmentLab/task-management/src/auth/auth.module.ts": {"path":"/Users/titlepnp/NodesNows/AssignmentLab/task-management/src/auth/auth.module.ts","statementMap":{"0":{"start":{"line":1,"column":0},"end":{"line":1,"column":40}},"1":{"start":{"line":2,"column":0},"end":{"line":2,"column":48}},"2":{"start":{"line":3,"column":0},"end":{"line":3,"column":45}},"3":{"start":{"line":4,"column":0},"end":{"line":4,"column":51}},"4":{"start":{"line":5,"column":0},"end":{"line":5,"column":52}},"5":{"start":{"line":6,"column":0},"end":{"line":6,"column":55}},"6":{"start":{"line":13,"column":7},"end":{"line":13,"column":null}},"7":{"start":{"line":13,"column":13},"end":{"line":13,"column":23}},"8":{"start":{"line":13,"column":13},"end":{"line":13,"column":null}}},"fnMap":{},"branchMap":{},"s":{"0":0,"1":0,"2":0,"3":0,"4":0,"5":0,"6":0,"7":0,"8":0},"f":{},"b":{}}
,"/Users/titlepnp/NodesNows/AssignmentLab/task-management/src/auth/auth.service.ts": {"path":"/Users/titlepnp/NodesNows/AssignmentLab/task-management/src/auth/auth.service.ts","statementMap":{"0":{"start":{"line":1,"column":0},"end":{"line":1,"column":71}},"1":{"start":{"line":3,"column":0},"end":{"line":3,"column":55}},"2":{"start":{"line":4,"column":0},"end":{"line":4,"column":37}},"3":{"start":{"line":5,"column":0},"end":{"line":5,"column":51}},"4":{"start":{"line":7,"column":0},"end":{"line":7,"column":47}},"5":{"start":{"line":8,"column":0},"end":{"line":8,"column":33}},"6":{"start":{"line":9,"column":0},"end":{"line":9,"column":36}},"7":{"start":{"line":12,"column":7},"end":{"line":63,"column":null}},"8":{"start":{"line":15,"column":21},"end":{"line":15,"column":38}},"9":{"start":{"line":16,"column":12},"end":{"line":16,"column":27}},"10":{"start":{"line":20,"column":4},"end":{"line":39,"column":5}},"11":{"start":{"line":21,"column":34},"end":{"line":21,"column":42}},"12":{"start":{"line":22,"column":30},"end":{"line":24,"column":8}},"13":{"start":{"line":26,"column":6},"end":{"line":28,"column":7}},"14":{"start":{"line":27,"column":8},"end":{"line":27,"column":79}},"15":{"start":{"line":30,"column":19},"end":{"line":30,"column":30}},"16":{"start":{"line":31,"column":6},"end":{"line":31,"column":25}},"17":{"start":{"line":32,"column":6},"end":{"line":32,"column":54}},"18":{"start":{"line":34,"column":6},"end":{"line":34,"column":45}},"19":{"start":{"line":36,"column":6},"end":{"line":38,"column":7}},"20":{"start":{"line":37,"column":8},"end":{"line":37,"column":20}},"21":{"start":{"line":43,"column":32},"end":{"line":43,"column":45}},"22":{"start":{"line":44,"column":17},"end":{"line":44,"column":73}},"23":{"start":{"line":45,"column":4},"end":{"line":47,"column":5}},"24":{"start":{"line":46,"column":6},"end":{"line":46,"column":70}},"25":{"start":{"line":49,"column":28},"end":{"line":49,"column":73}},"26":{"start":{"line":50,"column":4},"end":{"line":52,"column":5}},"27":{"start":{"line":51,"column":6},"end":{"line":51,"column":71}},"28":{"start":{"line":54,"column":20},"end":{"line":54,"column":55}},"29":{"start":{"line":55,"column":22},"end":{"line":55,"column":66}},"30":{"start":{"line":56,"column":24},"end":{"line":56,"column":68}},"31":{"start":{"line":57,"column":24},"end":{"line":59,"column":6}},"32":{"start":{"line":61,"column":4},"end":{"line":61,"column":27}},"33":{"start":{"line":12,"column":13},"end":{"line":12,"column":24}},"34":{"start":{"line":12,"column":13},"end":{"line":63,"column":null}}},"fnMap":{"0":{"name":"(anonymous_4)","decl":{"start":{"line":13,"column":2},"end":{"line":13,"column":null}},"loc":{"start":{"line":16,"column":40},"end":{"line":17,"column":6}}},"1":{"name":"(anonymous_5)","decl":{"start":{"line":19,"column":2},"end":{"line":19,"column":7}},"loc":{"start":{"line":19,"column":42},"end":{"line":40,"column":3}}},"2":{"name":"(anonymous_6)","decl":{"start":{"line":42,"column":2},"end":{"line":42,"column":7}},"loc":{"start":{"line":42,"column":41},"end":{"line":62,"column":3}}}},"branchMap":{"0":{"loc":{"start":{"line":26,"column":6},"end":{"line":28,"column":7}},"type":"if","locations":[{"start":{"line":26,"column":6},"end":{"line":28,"column":7}}]},"1":{"loc":{"start":{"line":36,"column":6},"end":{"line":38,"column":7}},"type":"if","locations":[{"start":{"line":36,"column":6},"end":{"line":38,"column":7}}]},"2":{"loc":{"start":{"line":45,"column":4},"end":{"line":47,"column":5}},"type":"if","locations":[{"start":{"line":45,"column":4},"end":{"line":47,"column":5}}]},"3":{"loc":{"start":{"line":50,"column":4},"end":{"line":52,"column":5}},"type":"if","locations":[{"start":{"line":50,"column":4},"end":{"line":52,"column":5}}]}},"s":{"0":2,"1":2,"2":2,"3":2,"4":2,"5":2,"6":2,"7":2,"8":5,"9":5,"10":2,"11":2,"12":2,"13":2,"14":1,"15":1,"16":1,"17":1,"18":1,"19":1,"20":1,"21":3,"22":3,"23":3,"24":1,"25":2,"26":2,"27":1,"28":1,"29":1,"30":1,"31":1,"32":1,"33":2,"34":2},"f":{"0":5,"1":2,"2":3},"b":{"0":[1],"1":[1],"2":[1],"3":[1]}}
,"/Users/titlepnp/NodesNows/AssignmentLab/task-management/src/auth/dto/loginUser.dto.ts": {"path":"/Users/titlepnp/NodesNows/AssignmentLab/task-management/src/auth/dto/loginUser.dto.ts","statementMap":{"0":{"start":{"line":1,"column":0},"end":{"line":1,"column":75}},"1":{"start":{"line":3,"column":0},"end":{"line":3,"column":13}},"2":{"start":{"line":7,"column":11},"end":{"line":7,"column":null}},"3":{"start":{"line":12,"column":11},"end":{"line":12,"column":null}}},"fnMap":{},"branchMap":{},"s":{"0":0,"1":0,"2":0,"3":0},"f":{},"b":{}}
,"/Users/titlepnp/NodesNows/AssignmentLab/task-management/src/auth/dto/registerUser.dto.ts": {"path":"/Users/titlepnp/NodesNows/AssignmentLab/task-management/src/auth/dto/registerUser.dto.ts","statementMap":{"0":{"start":{"line":1,"column":0},"end":{"line":1,"column":75}},"1":{"start":{"line":3,"column":0},"end":{"line":3,"column":13}},"2":{"start":{"line":7,"column":11},"end":{"line":7,"column":null}},"3":{"start":{"line":12,"column":11},"end":{"line":12,"column":null}}},"fnMap":{},"branchMap":{},"s":{"0":1,"1":1,"2":1,"3":1},"f":{},"b":{}}
,"/Users/titlepnp/NodesNows/AssignmentLab/task-management/src/common/http-exception.filter.ts": {"path":"/Users/titlepnp/NodesNows/AssignmentLab/task-management/src/common/http-exception.filter.ts","statementMap":{"0":{"start":{"line":1,"column":0},"end":{"line":1,"column":null}},"1":{"start":{"line":10,"column":7},"end":{"line":23,"column":null}},"2":{"start":{"line":12,"column":16},"end":{"line":12,"column":35}},"3":{"start":{"line":13,"column":21},"end":{"line":13,"column":48}},"4":{"start":{"line":14,"column":19},"end":{"line":14,"column":40}},"5":{"start":{"line":15,"column":30},"end":{"line":15,"column":53}},"6":{"start":{"line":17,"column":4},"end":{"line":21,"column":7}},"7":{"start":{"line":10,"column":13},"end":{"line":10,"column":32}},"8":{"start":{"line":10,"column":13},"end":{"line":23,"column":null}}},"fnMap":{"0":{"name":"(anonymous_1)","decl":{"start":{"line":11,"column":2},"end":{"line":11,"column":7}},"loc":{"start":{"line":11,"column":53},"end":{"line":22,"column":3}}}},"branchMap":{"0":{"loc":{"start":{"line":19,"column":15},"end":{"line":19,"column":64}},"type":"binary-expr","locations":[{"start":{"line":19,"column":15},"end":{"line":19,"column":43}},{"start":{"line":19,"column":47},"end":{"line":19,"column":64}}]}},"s":{"0":0,"1":0,"2":0,"3":0,"4":0,"5":0,"6":0,"7":0,"8":0},"f":{"0":0},"b":{"0":[0,0]}}
,"/Users/titlepnp/NodesNows/AssignmentLab/task-management/src/common/jwt.middleware.ts": {"path":"/Users/titlepnp/NodesNows/AssignmentLab/task-management/src/common/jwt.middleware.ts","statementMap":{"0":{"start":{"line":1,"column":0},"end":{"line":1,"column":null}},"1":{"start":{"line":8,"column":0},"end":{"line":8,"column":47}},"2":{"start":{"line":9,"column":0},"end":{"line":9,"column":36}},"3":{"start":{"line":12,"column":7},"end":{"line":34,"column":null}},"4":{"start":{"line":13,"column":22},"end":{"line":13,"column":37}},"5":{"start":{"line":16,"column":23},"end":{"line":16,"column":48}},"6":{"start":{"line":17,"column":4},"end":{"line":19,"column":5}},"7":{"start":{"line":18,"column":6},"end":{"line":18,"column":76}},"8":{"start":{"line":21,"column":18},"end":{"line":21,"column":42}},"9":{"start":{"line":22,"column":4},"end":{"line":32,"column":5}},"10":{"start":{"line":23,"column":22},"end":{"line":25,"column":null}},"11":{"start":{"line":27,"column":6},"end":{"line":27,"column":28}},"12":{"start":{"line":28,"column":6},"end":{"line":28,"column":13}},"13":{"start":{"line":30,"column":6},"end":{"line":30,"column":25}},"14":{"start":{"line":31,"column":6},"end":{"line":31,"column":72}},"15":{"start":{"line":12,"column":13},"end":{"line":12,"column":26}},"16":{"start":{"line":12,"column":13},"end":{"line":34,"column":null}}},"fnMap":{"0":{"name":"(anonymous_2)","decl":{"start":{"line":13,"column":2},"end":{"line":13,"column":22}},"loc":{"start":{"line":13,"column":50},"end":{"line":13,"column":54}}},"1":{"name":"(anonymous_3)","decl":{"start":{"line":15,"column":2},"end":{"line":15,"column":5}},"loc":{"start":{"line":15,"column":53},"end":{"line":33,"column":3}}}},"branchMap":{"0":{"loc":{"start":{"line":17,"column":4},"end":{"line":19,"column":5}},"type":"if","locations":[{"start":{"line":17,"column":4},"end":{"line":19,"column":5}}]}},"s":{"0":0,"1":0,"2":0,"3":0,"4":0,"5":0,"6":0,"7":0,"8":0,"9":0,"10":0,"11":0,"12":0,"13":0,"14":0,"15":0,"16":0},"f":{"0":0,"1":0},"b":{"0":[0]}}
,"/Users/titlepnp/NodesNows/AssignmentLab/task-management/src/tasks/tasks.controller.ts": {"path":"/Users/titlepnp/NodesNows/AssignmentLab/task-management/src/tasks/tasks.controller.ts","statementMap":{"0":{"start":{"line":1,"column":0},"end":{"line":1,"column":null}},"1":{"start":{"line":11,"column":0},"end":{"line":11,"column":47}},"2":{"start":{"line":12,"column":0},"end":{"line":12,"column":50}},"3":{"start":{"line":13,"column":0},"end":{"line":13,"column":50}},"4":{"start":{"line":17,"column":7},"end":{"line":49,"column":null}},"5":{"start":{"line":18,"column":31},"end":{"line":18,"column":45}},"6":{"start":{"line":22,"column":4},"end":{"line":22,"column":46}},"7":{"start":{"line":27,"column":4},"end":{"line":27,"column":49}},"8":{"start":{"line":35,"column":4},"end":{"line":35,"column":66}},"9":{"start":{"line":40,"column":19},"end":{"line":40,"column":34}},"10":{"start":{"line":41,"column":4},"end":{"line":41,"column":66}},"11":{"start":{"line":46,"column":4},"end":{"line":46,"column":47}},"12":{"start":{"line":47,"column":4},"end":{"line":47,"column":39}},"13":{"start":{"line":17,"column":13},"end":{"line":17,"column":28}},"14":{"start":{"line":21,"column":8},"end":{"line":23,"column":null}},"15":{"start":{"line":26,"column":8},"end":{"line":28,"column":null}},"16":{"start":{"line":31,"column":8},"end":{"line":36,"column":null}},"17":{"start":{"line":39,"column":8},"end":{"line":42,"column":null}},"18":{"start":{"line":45,"column":8},"end":{"line":48,"column":null}},"19":{"start":{"line":17,"column":13},"end":{"line":49,"column":null}}},"fnMap":{"0":{"name":"(anonymous_4)","decl":{"start":{"line":18,"column":2},"end":{"line":18,"column":31}},"loc":{"start":{"line":18,"column":57},"end":{"line":18,"column":61}}},"1":{"name":"(anonymous_5)","decl":{"start":{"line":21,"column":2},"end":{"line":21,"column":7}},"loc":{"start":{"line":21,"column":16},"end":{"line":23,"column":3}}},"2":{"name":"(anonymous_6)","decl":{"start":{"line":26,"column":2},"end":{"line":26,"column":7}},"loc":{"start":{"line":26,"column":47},"end":{"line":28,"column":3}}},"3":{"name":"(anonymous_7)","decl":{"start":{"line":31,"column":2},"end":{"line":31,"column":7}},"loc":{"start":{"line":33,"column":34},"end":{"line":36,"column":3}}},"4":{"name":"(anonymous_8)","decl":{"start":{"line":39,"column":2},"end":{"line":39,"column":7}},"loc":{"start":{"line":39,"column":70},"end":{"line":42,"column":3}}},"5":{"name":"(anonymous_9)","decl":{"start":{"line":45,"column":2},"end":{"line":45,"column":7}},"loc":{"start":{"line":45,"column":46},"end":{"line":48,"column":3}}}},"branchMap":{},"s":{"0":0,"1":0,"2":0,"3":0,"4":0,"5":0,"6":0,"7":0,"8":0,"9":0,"10":0,"11":0,"12":0,"13":0,"14":0,"15":0,"16":0,"17":0,"18":0,"19":0},"f":{"0":0,"1":0,"2":0,"3":0,"4":0,"5":0},"b":{}}
,"/Users/titlepnp/NodesNows/AssignmentLab/task-management/src/tasks/tasks.module.ts": {"path":"/Users/titlepnp/NodesNows/AssignmentLab/task-management/src/tasks/tasks.module.ts","statementMap":{"0":{"start":{"line":1,"column":0},"end":{"line":1,"column":40}},"1":{"start":{"line":2,"column":0},"end":{"line":2,"column":53}},"2":{"start":{"line":3,"column":0},"end":{"line":3,"column":47}},"3":{"start":{"line":4,"column":0},"end":{"line":4,"column":48}},"4":{"start":{"line":5,"column":0},"end":{"line":5,"column":48}},"5":{"start":{"line":12,"column":7},"end":{"line":12,"column":null}},"6":{"start":{"line":12,"column":13},"end":{"line":12,"column":24}},"7":{"start":{"line":12,"column":13},"end":{"line":12,"column":null}}},"fnMap":{},"branchMap":{},"s":{"0":0,"1":0,"2":0,"3":0,"4":0,"5":0,"6":0,"7":0},"f":{},"b":{}}
,"/Users/titlepnp/NodesNows/AssignmentLab/task-management/src/tasks/tasks.service.ts": {"path":"/Users/titlepnp/NodesNows/AssignmentLab/task-management/src/tasks/tasks.service.ts","statementMap":{"0":{"start":{"line":1,"column":0},"end":{"line":1,"column":71}},"1":{"start":{"line":3,"column":0},"end":{"line":3,"column":48}},"2":{"start":{"line":4,"column":0},"end":{"line":4,"column":51}},"3":{"start":{"line":5,"column":0},"end":{"line":5,"column":37}},"4":{"start":{"line":8,"column":7},"end":{"line":60,"column":null}},"5":{"start":{"line":11,"column":21},"end":{"line":11,"column":38}},"6":{"start":{"line":15,"column":4},"end":{"line":15,"column":45}},"7":{"start":{"line":19,"column":17},"end":{"line":19,"column":70}},"8":{"start":{"line":20,"column":4},"end":{"line":22,"column":5}},"9":{"start":{"line":21,"column":6},"end":{"line":21,"column":70}},"10":{"start":{"line":23,"column":4},"end":{"line":23,"column":65}},"11":{"start":{"line":27,"column":17},"end":{"line":27,"column":70}},"12":{"start":{"line":28,"column":4},"end":{"line":30,"column":5}},"13":{"start":{"line":29,"column":6},"end":{"line":29,"column":70}},"14":{"start":{"line":32,"column":4},"end":{"line":32,"column":34}},"15":{"start":{"line":33,"column":4},"end":{"line":35,"column":5}},"16":{"start":{"line":34,"column":6},"end":{"line":34,"column":48}},"17":{"start":{"line":36,"column":4},"end":{"line":36,"column":36}},"18":{"start":{"line":38,"column":4},"end":{"line":38,"column":49}},"19":{"start":{"line":42,"column":17},"end":{"line":42,"column":28}},"20":{"start":{"line":43,"column":4},"end":{"line":43,"column":34}},"21":{"start":{"line":44,"column":4},"end":{"line":46,"column":5}},"22":{"start":{"line":45,"column":6},"end":{"line":45,"column":48}},"23":{"start":{"line":47,"column":4},"end":{"line":47,"column":36}},"24":{"start":{"line":48,"column":4},"end":{"line":48,"column":25}},"25":{"start":{"line":50,"column":4},"end":{"line":50,"column":49}},"26":{"start":{"line":54,"column":22},"end":{"line":54,"column":75}},"27":{"start":{"line":55,"column":4},"end":{"line":57,"column":5}},"28":{"start":{"line":56,"column":6},"end":{"line":56,"column":70}},"29":{"start":{"line":58,"column":4},"end":{"line":58,"column":42}},"30":{"start":{"line":8,"column":13},"end":{"line":8,"column":25}},"31":{"start":{"line":8,"column":13},"end":{"line":60,"column":null}}},"fnMap":{"0":{"name":"(anonymous_4)","decl":{"start":{"line":9,"column":2},"end":{"line":9,"column":null}},"loc":{"start":{"line":11,"column":55},"end":{"line":12,"column":6}}},"1":{"name":"(anonymous_5)","decl":{"start":{"line":14,"column":2},"end":{"line":14,"column":7}},"loc":{"start":{"line":14,"column":16},"end":{"line":16,"column":3}}},"2":{"name":"(anonymous_6)","decl":{"start":{"line":18,"column":2},"end":{"line":18,"column":7}},"loc":{"start":{"line":18,"column":30},"end":{"line":24,"column":3}}},"3":{"name":"(anonymous_7)","decl":{"start":{"line":26,"column":2},"end":{"line":26,"column":7}},"loc":{"start":{"line":26,"column":53},"end":{"line":39,"column":3}}},"4":{"name":"(anonymous_8)","decl":{"start":{"line":41,"column":2},"end":{"line":41,"column":7}},"loc":{"start":{"line":41,"column":57},"end":{"line":51,"column":3}}},"5":{"name":"(anonymous_9)","decl":{"start":{"line":53,"column":2},"end":{"line":53,"column":7}},"loc":{"start":{"line":53,"column":29},"end":{"line":59,"column":3}}}},"branchMap":{"0":{"loc":{"start":{"line":20,"column":4},"end":{"line":22,"column":5}},"type":"if","locations":[{"start":{"line":20,"column":4},"end":{"line":22,"column":5}}]},"1":{"loc":{"start":{"line":28,"column":4},"end":{"line":30,"column":5}},"type":"if","locations":[{"start":{"line":28,"column":4},"end":{"line":30,"column":5}}]},"2":{"loc":{"start":{"line":33,"column":4},"end":{"line":35,"column":5}},"type":"if","locations":[{"start":{"line":33,"column":4},"end":{"line":35,"column":5}}]},"3":{"loc":{"start":{"line":44,"column":4},"end":{"line":46,"column":5}},"type":"if","locations":[{"start":{"line":44,"column":4},"end":{"line":46,"column":5}}]},"4":{"loc":{"start":{"line":55,"column":4},"end":{"line":57,"column":5}},"type":"if","locations":[{"start":{"line":55,"column":4},"end":{"line":57,"column":5}}]}},"s":{"0":0,"1":0,"2":0,"3":0,"4":0,"5":0,"6":0,"7":0,"8":0,"9":0,"10":0,"11":0,"12":0,"13":0,"14":0,"15":0,"16":0,"17":0,"18":0,"19":0,"20":0,"21":0,"22":0,"23":0,"24":0,"25":0,"26":0,"27":0,"28":0,"29":0,"30":0,"31":0},"f":{"0":0,"1":0,"2":0,"3":0,"4":0,"5":0},"b":{"0":[0],"1":[0],"2":[0],"3":[0],"4":[0]}}
,"/Users/titlepnp/NodesNows/AssignmentLab/task-management/src/tasks/dto/createTask.dto.ts": {"path":"/Users/titlepnp/NodesNows/AssignmentLab/task-management/src/tasks/dto/createTask.dto.ts","statementMap":{"0":{"start":{"line":1,"column":0},"end":{"line":1,"column":null}},"1":{"start":{"line":8,"column":0},"end":{"line":8,"column":54}},"2":{"start":{"line":10,"column":0},"end":{"line":10,"column":13}},"3":{"start":{"line":14,"column":11},"end":{"line":14,"column":null}},"4":{"start":{"line":19,"column":11},"end":{"line":19,"column":null}},"5":{"start":{"line":22,"column":11},"end":{"line":22,"column":null}}},"fnMap":{},"branchMap":{},"s":{"0":0,"1":0,"2":0,"3":0,"4":0,"5":0},"f":{},"b":{}}
,"/Users/titlepnp/NodesNows/AssignmentLab/task-management/src/tasks/dto/updateTask.dto.ts": {"path":"/Users/titlepnp/NodesNows/AssignmentLab/task-management/src/tasks/dto/updateTask.dto.ts","statementMap":{"0":{"start":{"line":1,"column":0},"end":{"line":1,"column":null}},"1":{"start":{"line":8,"column":0},"end":{"line":8,"column":54}},"2":{"start":{"line":10,"column":0},"end":{"line":10,"column":13}},"3":{"start":{"line":14,"column":11},"end":{"line":14,"column":null}},"4":{"start":{"line":19,"column":11},"end":{"line":19,"column":null}},"5":{"start":{"line":22,"column":11},"end":{"line":22,"column":null}}},"fnMap":{},"branchMap":{},"s":{"0":0,"1":0,"2":0,"3":0,"4":0,"5":0},"f":{},"b":{}}
,"/Users/titlepnp/NodesNows/AssignmentLab/task-management/src/tasks/entities/tasks.entity.ts": {"path":"/Users/titlepnp/NodesNows/AssignmentLab/task-management/src/tasks/entities/tasks.entity.ts","statementMap":{"0":{"start":{"line":1,"column":0},"end":{"line":1,"column":65}},"1":{"start":{"line":3,"column":0},"end":{"line":3,"column":null}},"2":{"start":{"line":4,"column":2},"end":{"line":4,"column":null}},"3":{"start":{"line":5,"column":2},"end":{"line":5,"column":null}},"4":{"start":{"line":6,"column":2},"end":{"line":6,"column":null}},"5":{"start":{"line":10,"column":7},"end":{"line":30,"column":null}},"6":{"start":{"line":10,"column":13},"end":{"line":10,"column":18}},"7":{"start":{"line":12,"column":2},"end":{"line":12,"column":null}},"8":{"start":{"line":15,"column":2},"end":{"line":15,"column":null}},"9":{"start":{"line":18,"column":2},"end":{"line":18,"column":null}},"10":{"start":{"line":26,"column":2},"end":{"line":26,"column":null}},"11":{"start":{"line":29,"column":2},"end":{"line":29,"column":null}},"12":{"start":{"line":10,"column":13},"end":{"line":30,"column":null}}},"fnMap":{"0":{"name":"(anonymous_2)","decl":{"start":{"line":3,"column":0},"end":{"line":3,"column":12}},"loc":{"start":{"line":3,"column":22},"end":{"line":7,"column":1}}}},"branchMap":{"0":{"loc":{"start":{"line":3,"column":12},"end":{"line":3,"column":null}},"type":"binary-expr","locations":[{"start":{"line":3,"column":12},"end":{"line":3,"column":22}},{"start":{"line":3,"column":22},"end":{"line":3,"column":null}}]}},"s":{"0":0,"1":0,"2":0,"3":0,"4":0,"5":0,"6":0,"7":0,"8":0,"9":0,"10":0,"11":0,"12":0},"f":{"0":0},"b":{"0":[0,0]}}
,"/Users/titlepnp/NodesNows/AssignmentLab/task-management/src/users/users.controller.ts": {"path":"/Users/titlepnp/NodesNows/AssignmentLab/task-management/src/users/users.controller.ts","statementMap":{"0":{"start":{"line":1,"column":0},"end":{"line":1,"column":44}},"1":{"start":{"line":4,"column":7},"end":{"line":4,"column":null}},"2":{"start":{"line":4,"column":13},"end":{"line":4,"column":28}},"3":{"start":{"line":4,"column":13},"end":{"line":4,"column":null}}},"fnMap":{},"branchMap":{},"s":{"0":0,"1":0,"2":0,"3":0},"f":{},"b":{}}
,"/Users/titlepnp/NodesNows/AssignmentLab/task-management/src/users/users.module.ts": {"path":"/Users/titlepnp/NodesNows/AssignmentLab/task-management/src/users/users.module.ts","statementMap":{"0":{"start":{"line":1,"column":0},"end":{"line":1,"column":40}},"1":{"start":{"line":2,"column":0},"end":{"line":2,"column":48}},"2":{"start":{"line":3,"column":0},"end":{"line":3,"column":48}},"3":{"start":{"line":4,"column":0},"end":{"line":4,"column":47}},"4":{"start":{"line":5,"column":0},"end":{"line":5,"column":53}},"5":{"start":{"line":13,"column":7},"end":{"line":13,"column":null}},"6":{"start":{"line":13,"column":13},"end":{"line":13,"column":24}},"7":{"start":{"line":13,"column":13},"end":{"line":13,"column":null}}},"fnMap":{},"branchMap":{},"s":{"0":0,"1":0,"2":0,"3":0,"4":0,"5":0,"6":0,"7":0},"f":{},"b":{}}
,"/Users/titlepnp/NodesNows/AssignmentLab/task-management/src/users/users.service.ts": {"path":"/Users/titlepnp/NodesNows/AssignmentLab/task-management/src/users/users.service.ts","statementMap":{"0":{"start":{"line":1,"column":0},"end":{"line":1,"column":44}},"1":{"start":{"line":2,"column":0},"end":{"line":2,"column":51}},"2":{"start":{"line":3,"column":0},"end":{"line":3,"column":37}},"3":{"start":{"line":4,"column":0},"end":{"line":4,"column":48}},"4":{"start":{"line":7,"column":7},"end":{"line":12,"column":null}},"5":{"start":{"line":10,"column":12},"end":{"line":10,"column":29}},"6":{"start":{"line":7,"column":13},"end":{"line":7,"column":25}},"7":{"start":{"line":7,"column":13},"end":{"line":12,"column":null}}},"fnMap":{"0":{"name":"(anonymous_4)","decl":{"start":{"line":8,"column":2},"end":{"line":8,"column":null}},"loc":{"start":{"line":10,"column":46},"end":{"line":11,"column":6}}}},"branchMap":{},"s":{"0":0,"1":0,"2":0,"3":0,"4":0,"5":0,"6":0,"7":0},"f":{"0":0},"b":{}}
,"/Users/titlepnp/NodesNows/AssignmentLab/task-management/src/users/entities/users.entity.ts": {"path":"/Users/titlepnp/NodesNows/AssignmentLab/task-management/src/users/entities/users.entity.ts","statementMap":{"0":{"start":{"line":1,"column":0},"end":{"line":1,"column":65}},"1":{"start":{"line":4,"column":7},"end":{"line":13,"column":null}},"2":{"start":{"line":4,"column":13},"end":{"line":4,"column":18}},"3":{"start":{"line":6,"column":2},"end":{"line":6,"column":null}},"4":{"start":{"line":9,"column":2},"end":{"line":9,"column":null}},"5":{"start":{"line":12,"column":2},"end":{"line":12,"column":null}},"6":{"start":{"line":4,"column":13},"end":{"line":13,"column":null}}},"fnMap":{},"branchMap":{},"s":{"0":2,"1":2,"2":2,"3":2,"4":2,"5":2,"6":2},"f":{},"b":{}}
}
